2026-04-21 15:30:51.375 [main] INFO  utilities.Log - Tüm Çerezler Reddedildi
2026-04-21 15:30:53.893 [main] INFO  utilities.Log - Giriş Yap Butonuna Tıklandı
2026-04-21 15:31:21.864 [main] INFO  utilities.Log - Tüm Çerezler Reddedildi
2026-04-21 15:31:24.261 [main] INFO  utilities.Log - Giriş Yap Butonuna Tıklandı
2026-04-21 15:42:56.397 [main] INFO  utilities.Log - Tüm Çerezler Reddedildi
2026-04-21 15:42:58.776 [main] INFO  utilities.Log - Giriş Yap Butonuna Tıklandı
2026-04-21 15:50:52.885 [main] INFO  utilities.Log - Tüm Çerezler Reddedildi
2026-04-21 15:50:55.485 [main] INFO  utilities.Log - Giriş Yap Butonuna Tıklandı
2026-04-21 15:50:55.486 [main] INFO  utilities.Log - JS ile veri gönderiliyor: null
2026-04-21 15:50:57.078 [main] INFO  utilities.Log - JS ile veri başarıyla gönderildi.
2026-04-21 15:52:31.699 [main] INFO  utilities.Log - Tüm Çerezler Reddedildi
2026-04-21 15:52:34.227 [main] INFO  utilities.Log - Giriş Yap Butonuna Tıklandı
2026-04-21 15:52:34.227 [main] INFO  utilities.Log - JS ile veri gönderiliyor: dincerfurkan306@gmail.com
2026-04-21 15:52:35.903 [main] INFO  utilities.Log - JS ile veri başarıyla gönderildi.
2026-04-21 15:57:11.405 [main] INFO  utilities.Log - Tüm Çerezler Reddedildi
2026-04-21 15:57:13.526 [main] INFO  utilities.Log - Giriş Yap Butonuna Tıklandı
2026-04-21 15:57:13.527 [main] INFO  utilities.Log - Klavye simülasyonu ile yazma deneniyor...
2026-04-21 16:01:59.377 [main] INFO  utilities.Log - Tüm Çerezler Reddedildi
2026-04-21 16:02:01.678 [main] INFO  utilities.Log - Giriş Yap Butonuna Tıklandı
2026-04-21 16:02:55.202 [main] INFO  utilities.Log - Tüm Çerezler Reddedildi
2026-04-21 16:02:57.309 [main] INFO  utilities.Log - Giriş Yap Butonuna Tıklandı
2026-04-21 16:06:02.282 [main] INFO  utilities.Log - Tüm Çerezler Reddedildi
2026-04-21 16:06:05.128 [main] INFO  utilities.Log - Giriş Yap Butonuna Tıklandı
2026-04-21 16:08:07.044 [main] INFO  utilities.Log - Tüm Çerezler Reddedildi
2026-04-21 16:08:09.199 [main] INFO  utilities.Log - Giriş Yap Butonuna Tıklandı
2026-04-21 16:09:16.643 [main] INFO  utilities.Log - Tüm Çerezler Reddedildi
2026-04-21 16:09:19.217 [main] INFO  utilities.Log - Giriş Yap Butonuna Tıklandı
2026-04-21 16:10:58.541 [main] INFO  utilities.Log - Tüm Çerezler Reddedildi
2026-04-21 16:11:01.078 [main] INFO  utilities.Log - Giriş Yap Butonuna Tıklandı
2026-04-21 16:11:02.382 [main] INFO  utilities.Log - Username: null
2026-04-21 16:13:13.167 [main] INFO  utilities.Log - Tüm Çerezler Reddedildi
2026-04-21 16:13:15.510 [main] INFO  utilities.Log - Giriş Yap Butonuna Tıklandı
2026-04-21 16:13:17.149 [main] INFO  utilities.Log - Username: dincerfurkan306@gmail.com
2026-04-21 16:14:32.358 [main] INFO  utilities.Log - Tüm Çerezler Reddedildi
2026-04-21 16:14:34.958 [main] INFO  utilities.Log - Giriş Yap Butonuna Tıklandı
2026-04-21 16:17:37.735 [main] INFO  utilities.Log - Tüm Çerezler Reddedildi
2026-04-21 16:17:39.900 [main] INFO  utilities.Log - Giriş Yap Butonuna Tıklandı
2026-04-21 16:18:20.098 [main] INFO  utilities.Log - Tüm Çerezler Reddedildi
2026-04-21 16:18:22.525 [main] INFO  utilities.Log - Giriş Yap Butonuna Tıklandı
2026-04-21 16:22:11.994 [main] INFO  utilities.Log - Tüm Çerezler Reddedildi
2026-04-21 16:22:14.291 [main] INFO  utilities.Log - Giriş Yap Butonuna Tıklandı
2026-04-21 16:26:33.947 [main] INFO  utilities.Log - Tüm Çerezler Reddedildi
2026-04-21 16:26:36.204 [main] INFO  utilities.Log - Giriş Yap Butonuna Tıklandı
2026-04-21 16:35:08.901 [main] INFO  utilities.Log - Tüm Çerezler Reddedildi
2026-04-21 16:35:11.860 [main] INFO  utilities.Log - Giriş Yap Butonuna Tıklandı
2026-04-21 16:42:04.154 [main] INFO  utilities.Log - Tüm Çerezler Reddedildi
2026-04-21 16:42:06.622 [main] INFO  utilities.Log - Giriş Yap Butonuna Tıklandı
2026-04-21 16:55:30.524 [main] INFO  utilities.Log - Tüm Çerezler Reddedildi
2026-04-21 16:56:12.336 [main] INFO  utilities.Log - Tüm Çerezler Reddedildi
2026-04-21 16:56:35.498 [main] INFO  utilities.Log - Tüm Çerezler Reddedildi
2026-04-21 17:06:28.159 [main] INFO  utilities.Log - Tüm Çerezler Reddedildi
2026-04-21 17:06:30.301 [main] INFO  utilities.Log - Giriş Yap Butonuna Tıklandı
2026-04-21 17:28:54.280 [main] INFO  utilities.Log - Tüm Çerezler Reddedildi
2026-04-21 17:28:59.252 [main] INFO  utilities.Log - Value 1: Şort
2026-04-21 18:07:46.495 [main] INFO  utilities.Log - Tüm Çerezler Reddedildi
2026-04-21 18:07:51.142 [main] INFO  utilities.Log - Value Sort: Şort
2026-04-21 18:09:30.593 [main] INFO  utilities.Log - Tüm Çerezler Reddedildi
2026-04-21 18:09:35.243 [main] INFO  utilities.Log - Value Sort: Şort
2026-04-21 18:10:17.810 [main] INFO  utilities.Log - Tüm Çerezler Reddedildi
2026-04-21 18:10:26.556 [main] INFO  utilities.Log - Value Sort: Şort
2026-04-21 18:11:49.183 [main] INFO  utilities.Log - Tüm Çerezler Reddedildi
2026-04-21 18:11:53.904 [main] INFO  utilities.Log - Value Sort: Şort
2026-04-21 18:12:30.137 [main] INFO  utilities.Log - Value Gomlek: Gömlek
2026-04-21 18:12:33.750 [main] INFO  utilities.Log - Random Number is: 15
2026-04-21 18:13:03.261 [main] INFO  utilities.Log - Tüm Çerezler Reddedildi
2026-04-21 18:13:07.872 [main] INFO  utilities.Log - Value Sort: Şort
2026-04-21 18:17:19.187 [main] INFO  utilities.Log - Tüm Çerezler Reddedildi
2026-04-21 18:17:23.825 [main] INFO  utilities.Log - Value Sort: Şort
2026-04-21 18:19:10.509 [main] INFO  utilities.Log - Tüm Çerezler Reddedildi
2026-04-21 18:19:15.212 [main] INFO  utilities.Log - Value Sort: Şort
2026-04-21 18:20:36.040 [main] INFO  utilities.Log - Tüm Çerezler Reddedildi
2026-04-21 18:20:40.674 [main] INFO  utilities.Log - Value Sort: Şort
2026-04-21 18:22:11.775 [main] INFO  utilities.Log - Tüm Çerezler Reddedildi
2026-04-21 18:22:16.542 [main] INFO  utilities.Log - Value Sort: Şort
2026-04-21 18:26:20.752 [main] INFO  utilities.Log - Tüm Çerezler Reddedildi
2026-04-21 18:26:25.844 [main] INFO  utilities.Log - Value Sort: Şort
2026-04-21 18:26:31.945 [main] INFO  utilities.Log - Value Sort: Gömlek
2026-04-21 18:26:35.613 [main] INFO  utilities.Log - Random Number is: 2
2026-04-21 18:37:30.612 [main] INFO  utilities.Log - Tüm Çerezler Reddedildi
2026-04-21 18:37:39.460 [main] INFO  utilities.Log - Value Sort: Şort
2026-04-21 18:37:45.693 [main] INFO  utilities.Log - Value Sort: Gömlek
2026-04-21 18:37:49.325 [main] INFO  utilities.Log - Random Number is: 47
2026-04-21 18:37:54.205 [main] INFO  utilities.Log - Product Details: REGULAR FIT KETEN PAMUKLU GÖMLEK
2026-04-21 18:37:57.365 [main] INFO  utilities.Log - Product Price: 1.790,00 TL
2026-04-21 19:27:12.769 [main] INFO  utilities.Log - Tüm Çerezler Reddedildi
2026-04-21 19:27:17.456 [main] INFO  utilities.Log - Value Sort: Şort
2026-04-21 19:27:23.631 [main] INFO  utilities.Log - Value Sort: Gömlek
2026-04-21 19:27:27.495 [main] INFO  utilities.Log - Random Number is: 52
2026-04-21 19:27:32.443 [main] INFO  utilities.Log - Product Details: RELAXED FIT KARELİ JAKARLI GÖMLEK
2026-04-21 19:27:35.607 [main] INFO  utilities.Log - Product Price: 2.290,00 TL
2026-04-21 19:28:19.774 [main] INFO  utilities.Log - Tüm Çerezler Reddedildi
2026-04-21 19:28:24.383 [main] INFO  utilities.Log - Value Sort: Şort
2026-04-21 19:28:30.518 [main] INFO  utilities.Log - Value Sort: Gömlek
2026-04-21 19:28:34.172 [main] INFO  utilities.Log - Random Number is: 57
2026-04-21 19:28:38.986 [main] INFO  utilities.Log - Product Details: RELAXED FIT POPLİN GÖMLEK
2026-04-21 19:28:42.154 [main] INFO  utilities.Log - Product Price: 2.290,00 TL
2026-04-21 19:29:05.151 [main] INFO  utilities.Log - Tüm Çerezler Reddedildi
2026-04-21 19:29:09.770 [main] INFO  utilities.Log - Value Sort: Şort
2026-04-21 19:29:15.726 [main] INFO  utilities.Log - Value Sort: Gömlek
2026-04-21 19:29:19.303 [main] INFO  utilities.Log - Random Number is: 38
2026-04-21 19:29:24.217 [main] INFO  utilities.Log - Product Details: DOKULU OXFORD GÖMLEK
2026-04-21 19:29:27.368 [main] INFO  utilities.Log - Product Price: 1.590,00 TL
2026-04-21 19:42:28.192 [main] INFO  utilities.Log - Tüm Çerezler Reddedildi
2026-04-21 19:42:33.157 [main] INFO  utilities.Log - Value Sort: Şort
2026-04-21 19:42:39.066 [main] INFO  utilities.Log - Value Sort: Gömlek
2026-04-21 19:42:42.709 [main] INFO  utilities.Log - Random Number is: 57
2026-04-21 19:42:47.623 [main] INFO  utilities.Log - Product Details: RELAXED FIT POPLİN GÖMLEK
2026-04-21 19:42:50.788 [main] INFO  utilities.Log - Product Price: 2.290,00 TL
2026-04-21 19:45:00.668 [main] INFO  utilities.Log - Tüm Çerezler Reddedildi
2026-04-21 19:45:05.538 [main] INFO  utilities.Log - Value Sort: Şort
2026-04-21 19:45:11.617 [main] INFO  utilities.Log - Value Sort: Gömlek
2026-04-21 19:45:15.207 [main] INFO  utilities.Log - Random Number is: 21
2026-04-21 19:45:19.987 [main] INFO  utilities.Log - Product Details: REGULAR FIT KETEN PAMUKLU GÖMLEK
2026-04-21 19:45:23.148 [main] INFO  utilities.Log - Product Price: 1.790,00 TL
2026-04-21 20:07:01.345 [main] INFO  utilities.Log - Tüm Çerezler Reddedildi
2026-04-21 20:07:10.188 [main] INFO  utilities.Log - Value Sort: Şort
2026-04-21 20:07:16.131 [main] INFO  utilities.Log - Value Sort: Gömlek
2026-04-21 20:07:19.826 [main] INFO  utilities.Log - Random Number is: 9
2026-04-21 20:07:24.740 [main] INFO  utilities.Log - Product Details: %100 KETEN REGULAR FIT GÖMLEK
2026-04-21 20:07:27.896 [main] INFO  utilities.Log - Product Price: 2.290,00 TL
2026-04-21 20:07:44.817 [main] INFO  utilities.Log - Product Price on Add To Cart Page: 2.290,00 TL
2026-04-21 20:09:01.432 [main] INFO  utilities.Log - Tüm Çerezler Reddedildi
2026-04-21 20:09:06.313 [main] INFO  utilities.Log - Value Sort: Şort
2026-04-21 20:09:12.344 [main] INFO  utilities.Log - Value Sort: Gömlek
2026-04-21 20:09:15.936 [main] INFO  utilities.Log - Random Number is: 24
2026-04-21 20:09:20.672 [main] INFO  utilities.Log - Product Details: DÖKÜMLÜ RELAXED FIT GÖMLEK
2026-04-21 20:09:23.832 [main] INFO  utilities.Log - Product Price: 2.290,00 TL
2026-04-21 20:09:40.793 [main] INFO  utilities.Log - Product Price on Add To Cart Page: 2.290,00 TL
2026-04-21 20:22:47.334 [main] INFO  utilities.Log - Tüm Çerezler Reddedildi
2026-04-21 20:22:52.098 [main] INFO  utilities.Log - Value Sort: Şort
2026-04-21 20:22:58.131 [main] INFO  utilities.Log - Value Sort: Gömlek
2026-04-21 20:23:01.726 [main] INFO  utilities.Log - Random Number is: 57
2026-04-21 20:23:06.356 [main] INFO  utilities.Log - Product Details: RELAXED FIT POPLİN GÖMLEK
2026-04-21 20:23:09.502 [main] INFO  utilities.Log - Product Price: 2.290,00 TL
2026-04-21 20:23:16.335 [main] INFO  utilities.Log - Product Price on Add To Cart Page: 2.290,00 TL
2026-04-21 20:23:41.131 [main] INFO  utilities.Log - Tüm Çerezler Reddedildi
2026-04-21 20:23:45.920 [main] INFO  utilities.Log - Value Sort: Şort
2026-04-21 20:23:52.003 [main] INFO  utilities.Log - Value Sort: Gömlek
2026-04-21 20:23:55.546 [main] INFO  utilities.Log - Random Number is: 18
2026-04-21 20:24:00.632 [main] INFO  utilities.Log - Product Details: DÖKÜMLÜ RELAXED FIT GÖMLEK
2026-04-21 20:24:03.788 [main] INFO  utilities.Log - Product Price: 2.290,00 TL
2026-04-21 20:24:10.675 [main] INFO  utilities.Log - Product Price on Add To Cart Page: 2.290,00 TL
2026-04-21 20:24:11.922 [main] INFO  utilities.Log - Value Sort: Gömlek
2026-04-21 20:24:15.374 [main] INFO  utilities.Log - Random Number is: 6
2026-04-21 20:24:41.364 [main] INFO  utilities.Log - Tüm Çerezler Reddedildi
2026-04-21 20:24:46.123 [main] INFO  utilities.Log - Value Sort: Şort
2026-04-21 20:24:52.144 [main] INFO  utilities.Log - Value Sort: Gömlek
2026-04-21 20:24:55.704 [main] INFO  utilities.Log - Random Number is: 59
2026-04-21 20:25:00.675 [main] INFO  utilities.Log - Product Details: %100 KETEN RELAXED FIT GÖMLEK
2026-04-21 20:25:03.839 [main] INFO  utilities.Log - Product Price: 2.290,00 TL
2026-04-21 20:25:10.664 [main] INFO  utilities.Log - Product Price on Add To Cart Page: 2.290,00 TL
2026-04-21 20:39:00.750 [main] INFO  utilities.Log - Tüm Çerezler Reddedildi
2026-04-21 20:39:31.856 [main] INFO  utilities.Log - Tüm Çerezler Reddedildi
2026-04-21 20:39:36.940 [main] INFO  utilities.Log - Value Sort: Şort
2026-04-21 20:39:42.964 [main] INFO  utilities.Log - Value Sort: Gömlek
2026-04-21 20:39:46.607 [main] INFO  utilities.Log - Random Number is: 58
2026-04-21 20:39:51.370 [main] INFO  utilities.Log - Product Details: %100 KETEN RELAXED FIT GÖMLEK
2026-04-21 20:39:54.526 [main] INFO  utilities.Log - Product Price: 2.290,00 TL
2026-04-21 20:40:01.368 [main] INFO  utilities.Log - Product Price on Add To Cart Page: 2.290,00 TL
2026-04-21 20:40:29.426 [main] INFO  utilities.Log - Tüm Çerezler Reddedildi
2026-04-21 20:40:32.188 [main] INFO  utilities.Log - Giriş Yap Butonuna Tıklandı
2026-04-21 20:41:37.819 [main] INFO  utilities.Log - Tüm Çerezler Reddedildi
2026-04-21 20:41:39.967 [main] INFO  utilities.Log - Giriş Yap Butonuna Tıklandı
2026-04-21 20:42:49.114 [main] INFO  utilities.Log - Tüm Çerezler Reddedildi
2026-04-21 20:42:53.790 [main] INFO  utilities.Log - Value Sort: Şort
2026-04-21 20:42:59.846 [main] INFO  utilities.Log - Value Sort: Gömlek
2026-04-21 20:43:03.375 [main] INFO  utilities.Log - Random Number is: 25
2026-04-21 20:43:08.222 [main] INFO  utilities.Log - Product Details: DÖKÜMLÜ RELAXED FIT GÖMLEK
2026-04-21 20:43:11.385 [main] INFO  utilities.Log - Product Price: 2.290,00 TL
2026-04-21 20:46:18.111 [main] INFO  utilities.Log - Tüm Çerezler Reddedildi
2026-04-21 20:46:47.914 [main] INFO  utilities.Log - Tüm Çerezler Reddedildi
2026-04-21 20:46:52.560 [main] INFO  utilities.Log - Value Sort: Şort
2026-04-21 20:46:58.494 [main] INFO  utilities.Log - Value Sort: Gömlek
2026-04-21 20:47:02.144 [main] INFO  utilities.Log - Random Number is: 1
2026-04-21 20:47:06.904 [main] INFO  utilities.Log - Product Details: %100 KETEN REGULAR FIT GÖMLEK
2026-04-21 20:47:10.066 [main] INFO  utilities.Log - Product Price: 2.290,00 TL
2026-04-21 20:47:11.171 [main] INFO  utilities.Log - Attribute: null
2026-04-21 20:47:11.174 [main] INFO  utilities.Log - Attribute: null
2026-04-21 20:47:11.176 [main] INFO  utilities.Log - Attribute: null
2026-04-21 20:47:11.179 [main] INFO  utilities.Log - Attribute: null
2026-04-21 20:47:16.979 [main] INFO  utilities.Log - Product Price on Add To Cart Page: 2.290,00 TL
2026-04-21 20:47:18.101 [main] INFO  utilities.Log - Attribute: null
2026-04-21 20:47:18.103 [main] INFO  utilities.Log - Attribute: null
2026-04-21 20:47:18.105 [main] INFO  utilities.Log - Attribute: null
2026-04-21 20:47:18.108 [main] INFO  utilities.Log - Attribute: null
2026-04-21 20:52:12.225 [main] INFO  utilities.Log - Tüm Çerezler Reddedildi
2026-04-21 20:56:37.632 [main] INFO  utilities.Log - Tüm Çerezler Reddedildi
2026-04-21 20:56:42.522 [main] INFO  utilities.Log - Value Sort: Şort
2026-04-21 20:56:48.677 [main] INFO  utilities.Log - Value Sort: Gömlek
2026-04-21 20:56:52.339 [main] INFO  utilities.Log - Random Number is: 24
2026-04-21 20:56:57.101 [main] INFO  utilities.Log - Product Details: DÖKÜMLÜ RELAXED FIT GÖMLEK
2026-04-21 20:57:00.261 [main] INFO  utilities.Log - Product Price: 2.290,00 TL
2026-04-21 20:57:01.357 [main] INFO  utilities.Log - Attribute: null
2026-04-21 20:57:01.359 [main] INFO  utilities.Log - Attribute: null
2026-04-21 20:57:01.362 [main] INFO  utilities.Log - Attribute: null
2026-04-21 20:57:01.364 [main] INFO  utilities.Log - Attribute: null
2026-04-21 20:58:05.748 [main] INFO  utilities.Log - Tüm Çerezler Reddedildi
2026-04-21 20:58:10.443 [main] INFO  utilities.Log - Value Sort: Şort
2026-04-21 20:58:16.637 [main] INFO  utilities.Log - Value Sort: Gömlek
2026-04-21 20:58:20.228 [main] INFO  utilities.Log - Random Number is: 3
2026-04-21 20:58:25.149 [main] INFO  utilities.Log - Product Details: REGULAR FIT KETEN PAMUKLU GÖMLEK
2026-04-21 20:58:28.309 [main] INFO  utilities.Log - Product Price: 1.790,00 TL
2026-04-21 20:58:29.407 [main] INFO  utilities.Log - Attribute: null
2026-04-21 20:58:29.410 [main] INFO  utilities.Log - Attribute: null
2026-04-21 20:58:29.413 [main] INFO  utilities.Log - Attribute: null
2026-04-21 20:58:29.415 [main] INFO  utilities.Log - Attribute: null
2026-04-21 20:58:29.418 [main] INFO  utilities.Log - Attribute: null
2026-04-21 20:58:35.175 [main] INFO  utilities.Log - Product Price on Add To Cart Page: 1.790,00 TL
2026-04-21 20:58:36.301 [main] INFO  utilities.Log - Attribute: null
2026-04-21 20:58:36.304 [main] INFO  utilities.Log - Attribute: null
2026-04-21 20:58:36.307 [main] INFO  utilities.Log - Attribute: null
2026-04-21 20:58:36.310 [main] INFO  utilities.Log - Attribute: null
2026-04-21 20:58:36.314 [main] INFO  utilities.Log - Attribute: null
2026-04-21 21:05:02.182 [main] INFO  utilities.Log - Tüm Çerezler Reddedildi
2026-04-21 21:05:06.934 [main] INFO  utilities.Log - Value Sort: Şort
2026-04-21 21:05:12.900 [main] INFO  utilities.Log - Value Sort: Gömlek
2026-04-21 21:05:16.483 [main] INFO  utilities.Log - Random Number is: 45
2026-04-21 21:05:21.298 [main] INFO  utilities.Log - Product Details: SLIM FIT GÖMLEK
2026-04-21 21:05:24.457 [main] INFO  utilities.Log - Product Price: 1.790,00 TL
2026-04-21 21:05:25.558 [main] INFO  utilities.Log - Attribute: null
2026-04-21 21:05:25.561 [main] INFO  utilities.Log - Attribute: null
2026-04-21 21:05:25.564 [main] INFO  utilities.Log - Attribute: null
2026-04-21 21:05:25.566 [main] INFO  utilities.Log - Attribute: null
2026-04-21 21:05:31.336 [main] INFO  utilities.Log - Product Price on Add To Cart Page: 1.790,00 TL
2026-04-21 21:05:32.468 [main] INFO  utilities.Log - Attribute: null
2026-04-21 21:05:32.470 [main] INFO  utilities.Log - Attribute: null
2026-04-21 21:05:32.472 [main] INFO  utilities.Log - Attribute: null
2026-04-21 21:05:32.475 [main] INFO  utilities.Log - Attribute: null
2026-04-21 21:05:38.486 [main] INFO  utilities.Log - Report Created: test-output/ExtentReport.html
2026-04-21 21:09:52.673 [main] INFO  utilities.Log - Tüm Çerezler Reddedildi
2026-04-21 21:09:57.269 [main] INFO  utilities.Log - Value Sort: Şort
2026-04-21 21:10:03.581 [main] INFO  utilities.Log - Value Sort: Gömlek
2026-04-21 21:10:07.175 [main] INFO  utilities.Log - Random Number is: 11
2026-04-21 21:10:12.078 [main] INFO  utilities.Log - Product Details: REGULAR FIT KETEN PAMUKLU GÖMLEK
2026-04-21 21:10:15.231 [main] INFO  utilities.Log - Product Price: 1.790,00 TL
2026-04-21 21:10:16.329 [main] INFO  utilities.Log - Attribute: null
2026-04-21 21:10:16.332 [main] INFO  utilities.Log - Attribute: null
2026-04-21 21:10:16.335 [main] INFO  utilities.Log - Attribute: null
2026-04-21 21:10:16.337 [main] INFO  utilities.Log - Attribute: null
2026-04-21 21:10:16.339 [main] INFO  utilities.Log - Attribute: null
2026-04-21 21:10:22.105 [main] INFO  utilities.Log - Product Price on Add To Cart Page: 1.790,00 TL
2026-04-21 21:10:23.226 [main] INFO  utilities.Log - Attribute: null
2026-04-21 21:10:23.228 [main] INFO  utilities.Log - Attribute: null
2026-04-21 21:10:23.231 [main] INFO  utilities.Log - Attribute: null
2026-04-21 21:10:23.233 [main] INFO  utilities.Log - Attribute: null
2026-04-21 21:10:23.235 [main] INFO  utilities.Log - Attribute: null
2026-04-21 21:10:29.194 [main] INFO  utilities.Log - Report Created: test-output/ExtentReport.html
2026-04-21 21:13:14.254 [main] INFO  utilities.Log - Tüm Çerezler Reddedildi
2026-04-21 21:13:18.890 [main] INFO  utilities.Log - Value Sort: Şort
2026-04-21 21:13:25.083 [main] INFO  utilities.Log - Value Sort: Gömlek
2026-04-21 21:13:28.666 [main] INFO  utilities.Log - Random Number is: 24
2026-04-21 21:13:33.412 [main] INFO  utilities.Log - Product Details: DÖKÜMLÜ RELAXED FIT GÖMLEK
2026-04-21 21:13:36.570 [main] INFO  utilities.Log - Product Price: 2.290,00 TL
2026-04-21 21:13:37.671 [main] INFO  utilities.Log - Attribute: null
2026-04-21 21:13:37.674 [main] INFO  utilities.Log - Attribute: null
2026-04-21 21:13:37.676 [main] INFO  utilities.Log - Attribute: null
2026-04-21 21:13:37.678 [main] INFO  utilities.Log - Attribute: null
2026-04-21 21:14:41.208 [main] INFO  utilities.Log - Tüm Çerezler Reddedildi
2026-04-21 21:14:45.892 [main] INFO  utilities.Log - Value Sort: Şort
2026-04-21 21:14:51.819 [main] INFO  utilities.Log - Value Sort: Gömlek
2026-04-21 21:14:55.835 [main] INFO  utilities.Log - Random Number is: 65
2026-04-21 21:15:00.972 [main] INFO  utilities.Log - Product Details: RAHAT KESİM RAHAT CEKET
2026-04-21 21:15:04.128 [main] INFO  utilities.Log - Product Price: 3.690,00 TL
2026-04-21 21:15:05.236 [main] INFO  utilities.Log - Attribute: null
2026-04-21 21:15:05.239 [main] INFO  utilities.Log - Attribute: null
2026-04-21 21:15:05.241 [main] INFO  utilities.Log - Attribute: null
2026-04-21 21:15:05.243 [main] INFO  utilities.Log - Attribute: null
2026-04-21 21:17:18.439 [main] INFO  utilities.Log - Tüm Çerezler Reddedildi
2026-04-21 21:17:23.133 [main] INFO  utilities.Log - Value Sort: Şort
2026-04-21 21:17:29.202 [main] INFO  utilities.Log - Value Sort: Gömlek
2026-04-21 21:17:32.788 [main] INFO  utilities.Log - Random Number is: 62
2026-04-21 21:17:37.643 [main] INFO  utilities.Log - Product Details: İŞLEMELİ DÖKÜMLÜ GÖMLEK
2026-04-21 21:17:40.799 [main] INFO  utilities.Log - Product Price: 1.790,00 TL
2026-04-21 21:17:41.897 [main] INFO  utilities.Log - Attribute: size-in-stock
2026-04-21 21:17:41.900 [main] INFO  utilities.Log - Attribute: size-in-stock
2026-04-21 21:17:41.903 [main] INFO  utilities.Log - Attribute: size-in-stock
2026-04-21 21:17:41.906 [main] INFO  utilities.Log - Attribute: size-in-stock
2026-04-21 21:17:41.908 [main] INFO  utilities.Log - Attribute: size-in-stock
2026-04-21 21:17:47.834 [main] INFO  utilities.Log - Product Price on Add To Cart Page: 1.790,00 TL
2026-04-21 21:17:48.959 [main] INFO  utilities.Log - Attribute: size-in-stock
2026-04-21 21:17:48.962 [main] INFO  utilities.Log - Attribute: size-in-stock
2026-04-21 21:17:48.964 [main] INFO  utilities.Log - Attribute: size-in-stock
2026-04-21 21:17:48.966 [main] INFO  utilities.Log - Attribute: size-in-stock
2026-04-21 21:17:48.968 [main] INFO  utilities.Log - Attribute: size-in-stock
2026-04-21 21:17:54.933 [main] INFO  utilities.Log - Report Created: test-output/ExtentReport.html
2026-04-21 21:21:19.603 [main] INFO  utilities.Log - Tüm Çerezler Reddedildi
2026-04-21 21:21:24.205 [main] INFO  utilities.Log - Value Sort: Şort
2026-04-21 21:21:30.429 [main] INFO  utilities.Log - Value Sort: Gömlek
2026-04-21 21:21:34.106 [main] INFO  utilities.Log - Random Number is: 18
2026-04-21 21:21:39.243 [main] INFO  utilities.Log - Product Details: DÖKÜMLÜ RELAXED FIT GÖMLEK
2026-04-21 21:21:42.394 [main] INFO  utilities.Log - Product Price: 2.290,00 TL
2026-04-21 21:21:43.484 [main] INFO  utilities.Log - Attribute: size-in-stock
2026-04-21 21:21:43.486 [main] INFO  utilities.Log - Attribute: size-in-stock
2026-04-21 21:21:43.489 [main] INFO  utilities.Log - Attribute: size-in-stock
2026-04-21 21:21:43.492 [main] INFO  utilities.Log - Attribute: size-in-stock
2026-04-21 21:21:49.674 [main] INFO  utilities.Log - Product Price on Add To Cart Page: 2.290,00 TL
2026-04-21 21:21:50.802 [main] INFO  utilities.Log - Attribute: size-in-stock
2026-04-21 21:21:50.805 [main] INFO  utilities.Log - Attribute: size-in-stock
2026-04-21 21:21:50.807 [main] INFO  utilities.Log - Attribute: size-in-stock
2026-04-21 21:21:50.809 [main] INFO  utilities.Log - Attribute: size-in-stock
2026-04-21 21:21:55.748 [main] INFO  utilities.Log - Report Created: test-output/ExtentReport.html
2026-04-21 21:23:34.131 [main] INFO  utilities.Log - Tüm Çerezler Reddedildi
2026-04-21 21:23:42.951 [main] INFO  utilities.Log - Value Sort: Şort
2026-04-21 21:23:48.795 [main] INFO  utilities.Log - Value Sort: Gömlek
2026-04-21 21:23:52.362 [main] INFO  utilities.Log - Random Number is: 22
2026-04-21 21:23:57.554 [main] INFO  utilities.Log - Product Details: PAMUKLU KETEN GÖMLEK
2026-04-21 21:24:00.708 [main] INFO  utilities.Log - Product Price: 1.790,00 TL
2026-04-21 21:24:01.804 [main] INFO  utilities.Log - Attribute: size-in-stock
2026-04-21 21:24:01.806 [main] INFO  utilities.Log - Attribute: size-in-stock
2026-04-21 21:24:01.809 [main] INFO  utilities.Log - Attribute: size-in-stock
2026-04-21 21:24:01.811 [main] INFO  utilities.Log - Attribute: size-in-stock
2026-04-21 21:24:01.814 [main] INFO  utilities.Log - Attribute: size-in-stock
2026-04-21 21:24:08.596 [main] INFO  utilities.Log - Product Price on Add To Cart Page: 1.790,00 TL
2026-04-21 21:24:09.722 [main] INFO  utilities.Log - Attribute: size-in-stock
2026-04-21 21:24:09.724 [main] INFO  utilities.Log - Attribute: size-in-stock
2026-04-21 21:24:09.726 [main] INFO  utilities.Log - Attribute: size-in-stock
2026-04-21 21:24:09.729 [main] INFO  utilities.Log - Attribute: size-in-stock
2026-04-21 21:24:09.731 [main] INFO  utilities.Log - Attribute: size-in-stock
2026-04-21 21:24:14.934 [main] INFO  utilities.Log - Report Created: test-output/ExtentReport.html
2026-04-21 22:18:23.453 [main] INFO  utilities.Log - Created Board ID: 69e7cd7ef1963b435e30be51
2026-04-21 22:20:37.792 [main] INFO  utilities.Log - Created Board ID: 69e7ce0583dbda69db217f32
2026-04-21 22:20:38.194 [main] INFO  utilities.Log - First List ID: 69e7ce0583dbda69db217f47
2026-04-21 22:30:27.073 [main] INFO  utilities.Log - Created Board ID: 69e7d05224075862e5e5589a
2026-04-21 22:30:27.418 [main] INFO  utilities.Log - First List ID: 69e7d05224075862e5e558af
2026-04-21 22:47:29.446 [main] INFO  utilities.Log - Created Board ID: 69e7d450e94b1386d171ba77
2026-04-21 22:48:34.595 [main] INFO  utilities.Log - Created Board ID: 69e7d492214b819e75a18ed4
2026-04-21 22:48:34.995 [main] INFO  utilities.Log - First List ID: 69e7d492214b819e75a18ee9
2026-04-21 22:48:36.033 [main] INFO  utilities.Log - Cards created: 69e7d4938313c1adaadc20a8 and 69e7d49380cd431b8731f3aa
2026-04-21 22:48:36.527 [main] INFO  utilities.Log - Updated card ID: 69e7d4938313c1adaadc20a8
2026-04-21 22:48:37.551 [main] INFO  utilities.Log - Cards deleted: 69e7d4938313c1adaadc20a8 and 69e7d49380cd431b8731f3aa
2026-04-21 23:09:24.310 [main] INFO  utilities.Log - Tüm Çerezler Reddedildi
2026-04-21 23:09:33.146 [main] INFO  utilities.Log - Value Sort: Şort
2026-04-21 23:09:39.577 [main] INFO  utilities.Log - Value Sort: Gömlek
2026-04-21 23:09:43.189 [main] INFO  utilities.Log - Random Number is: 40
2026-04-21 23:09:47.930 [main] INFO  utilities.Log - Product Details: REGULAR FIT KETEN-PAMUK GÖMLEK
2026-04-21 23:09:51.087 [main] INFO  utilities.Log - Product Price: 1.790,00 TL
2026-04-21 23:09:52.188 [main] INFO  utilities.Log - Attribute: size-in-stock
2026-04-21 23:09:52.190 [main] INFO  utilities.Log - Attribute: size-in-stock
2026-04-21 23:09:52.192 [main] INFO  utilities.Log - Attribute: size-in-stock
2026-04-21 23:09:52.195 [main] INFO  utilities.Log - Attribute: size-in-stock
2026-04-21 23:09:52.197 [main] INFO  utilities.Log - Attribute: size-low-on-stock
2026-04-21 23:09:58.023 [main] INFO  utilities.Log - Product Price on Add To Cart Page: 1.790,00 TL
2026-04-21 23:09:58.027 [main] INFO  utilities.Log - ASSERTION PASSED : Expected: 1.790,00 TL, Actual: 1.790,00 TL
2026-04-21 23:09:59.151 [main] INFO  utilities.Log - Attribute: size-in-stock
2026-04-21 23:09:59.153 [main] INFO  utilities.Log - Attribute: size-in-stock
2026-04-21 23:09:59.155 [main] INFO  utilities.Log - Attribute: size-in-stock
2026-04-21 23:09:59.158 [main] INFO  utilities.Log - Attribute: size-in-stock
2026-04-21 23:09:59.160 [main] INFO  utilities.Log - Attribute: size-low-on-stock
2026-04-21 23:10:03.846 [main] INFO  utilities.Log - ASSERTION PASSED : Expected: [[ChromeDriver: chrome on mac (0f1c3874889f806244df74ff3ec70c0a)] -> xpath: //div[@class='zds-empty-state__title']//span], is displayed
2026-04-21 23:10:04.202 [main] INFO  utilities.Log - Report Created: test-output/ExtentReport.html
2026-04-21 23:20:10.776 [main] INFO  utilities.Log - Tüm Çerezler Reddedildi
2026-04-21 23:20:15.423 [main] INFO  utilities.Log - Value Sort: Şort
2026-04-21 23:20:21.460 [main] INFO  utilities.Log - Value Sort: Gömlek
2026-04-21 23:20:25.057 [main] INFO  utilities.Log - Random Number is: 61
2026-04-21 23:20:29.909 [main] INFO  utilities.Log - Product Details: SLIM FIT GÖMLEK
2026-04-21 23:20:33.067 [main] INFO  utilities.Log - Product Price: 1.790,00 TL
2026-04-21 23:20:34.166 [main] INFO  utilities.Log - Attribute: size-in-stock
2026-04-21 23:20:34.169 [main] INFO  utilities.Log - Attribute: size-in-stock
2026-04-21 23:20:34.171 [main] INFO  utilities.Log - Attribute: size-in-stock
2026-04-21 23:20:34.173 [main] INFO  utilities.Log - Attribute: size-in-stock
2026-04-21 23:20:39.916 [main] INFO  utilities.Log - Product Price on Add To Cart Page: 1.790,00 TL
2026-04-21 23:20:39.920 [main] INFO  utilities.Log - ASSERTION PASSED : Expected: 1.790,00 TL, Actual: 1.790,00 TL
2026-04-21 23:20:41.039 [main] INFO  utilities.Log - Attribute: size-in-stock
2026-04-21 23:20:41.041 [main] INFO  utilities.Log - Attribute: size-in-stock
2026-04-21 23:20:41.044 [main] INFO  utilities.Log - Attribute: size-in-stock
2026-04-21 23:20:41.046 [main] INFO  utilities.Log - Attribute: size-in-stock
2026-04-21 23:20:45.988 [main] INFO  utilities.Log - ASSERTION PASSED : Expected: [[ChromeDriver: chrome on mac (d2b72d62d5221dc106d9a38516e8d5bb)] -> xpath: //div[@class='zds-empty-state__title']//span], is displayed
2026-04-21 23:20:46.328 [main] INFO  utilities.Log - Report Created: test-output/ExtentReport.html
